<?xml version="1.0" encoding="UTF-8"?>
<DashboardFolder xmlns="http://soap.sforce.com/2006/04/metadata">
    <folderShares>
        <accessLevel>View</accessLevel>
        <sharedTo>Business_Pro_Inside_Sales</sharedTo>
        <sharedToType>Role</sharedToType>
    </folderShares>
    <folderShares>
        <accessLevel>View</accessLevel>
        <sharedTo>Business_Pro_Inside_Sales_Rep</sharedTo>
        <sharedToType>Role</sharedToType>
    </folderShares>
    <folderShares>
        <accessLevel>View</accessLevel>
        <sharedTo>Sr_Advisor_BizBox_ISO</sharedTo>
        <sharedToType>Role</sharedToType>
    </folderShares>
    <name>Inside Sales Business Services</name>
</DashboardFolder>
